Build started 2016/12/6 16:52:34.
     1>Project "E:\work\soft\ctp\hjctp\hjctp\hjctp.vcxproj" on node 2 (build target(s)).
     1>InitializeBuildStatus:
         Creating "Debug\hjctp.unsuccessfulbuild" because "AlwaysCreate" was specified.
       ClCompile:
         All outputs are up-to-date.
         All outputs are up-to-date.
         C:\Program Files (x86)\Microsoft Visual Studio 10.0\VC\bin\CL.exe /c /ZI /nologo /W3 /WX- /Od /Oy- /D WIN32 /D _DEBUG /D _WINDOWS /D _USRDLL /D HJCTP_EXPORTS /D _WINDLL /D _UNICODE /D UNICODE /Gm /EHsc /RTC1 /MDd /GS /fp:precise /Zc:wchar_t /Zc:forScope /Yu"StdAfx.h" /Fp"Debug\hjctp.pch" /Fo"Debug\\" /Fd"Debug\vc100.pdb" /Gd /TP /analyze- /errorReport:prompt hjctp.cpp
         hjctp.cpp
     1>e:\work\soft\ctp\hjctp\hjctp\hjctp.cpp(30): warning C4800: 'jboolean' : forcing value to bool 'true' or 'false' (performance warning)
     1>e:\work\soft\ctp\hjctp\hjctp\hjctp.cpp(30): warning C4800: 'jboolean' : forcing value to bool 'true' or 'false' (performance warning)
       ManifestResourceCompile:
         All outputs are up-to-date.
       Link:
         C:\Program Files (x86)\Microsoft Visual Studio 10.0\VC\bin\link.exe /ERRORREPORT:PROMPT /OUT:"E:\work\soft\ctp\hjctp\Debug\hjctp.dll" /INCREMENTAL /NOLOGO thostmduserapi.lib thosttraderapi.lib kernel32.lib user32.lib gdi32.lib winspool.lib comdlg32.lib advapi32.lib shell32.lib ole32.lib oleaut32.lib uuid.lib odbc32.lib odbccp32.lib /MANIFEST /ManifestFile:"Debug\hjctp.dll.intermediate.manifest" /MANIFESTUAC:"level='asInvoker' uiAccess='false'" /DEBUG /PDB:"E:\work\soft\ctp\hjctp\Debug\hjctp.pdb" /SUBSYSTEM:WINDOWS /TLBID:1 /DYNAMICBASE /NXCOMPAT /IMPLIB:"E:\work\soft\ctp\hjctp\Debug\hjctp.lib" /MACHINE:X86 /DLL Debug\hjctp.dll.embed.manifest.res
         Debug\dllmain.obj
         Debug\hjctp.obj
         Debug\stdafx.obj
       Manifest:
         C:\Program Files (x86)\Microsoft SDKs\Windows\v7.0A\bin\mt.exe /nologo /verbose /out:"Debug\hjctp.dll.embed.manifest" /manifest Debug\hjctp.dll.intermediate.manifest
         All outputs are up-to-date.
       LinkEmbedManifest:
         All outputs are up-to-date.
         hjctp.vcxproj -> E:\work\soft\ctp\hjctp\Debug\hjctp.dll
       FinalizeBuildStatus:
         Deleting file "Debug\hjctp.unsuccessfulbuild".
         Touching "Debug\hjctp.lastbuildstate".
     1>Done Building Project "E:\work\soft\ctp\hjctp\hjctp\hjctp.vcxproj" (build target(s)).

Build succeeded.

Time Elapsed 00:00:01.46
