D:\work\workspace\c_hjctp\hjctp\x64\Debug\cl.command.1.tlog
D:\work\workspace\c_hjctp\hjctp\x64\Debug\CL.read.1.tlog
D:\work\workspace\c_hjctp\hjctp\x64\Debug\CL.write.1.tlog
D:\WORK\WORKSPACE\C_HJCTP\HJCTP\X64\DEBUG\DLLMAIN.OBJ
D:\work\workspace\c_hjctp\hjctp\x64\Debug\hjctp.dll.embed.manifest
D:\WORK\WORKSPACE\C_HJCTP\HJCTP\X64\DEBUG\HJCTP.DLL.EMBED.MANIFEST.RES
D:\WORK\WORKSPACE\C_HJCTP\HJCTP\X64\DEBUG\HJCTP.DLL.INTERMEDIATE.MANIFEST
D:\WORK\WORKSPACE\C_HJCTP\HJCTP\X64\DEBUG\HJCTP.OBJ
D:\WORK\WORKSPACE\C_HJCTP\HJCTP\X64\DEBUG\HJCTP.PCH
D:\work\workspace\c_hjctp\hjctp\x64\Debug\hjctp.vcxprojResolveAssemblyReference.cache
D:\work\workspace\c_hjctp\hjctp\x64\Debug\hjctp.write.1.tlog
D:\work\workspace\c_hjctp\hjctp\x64\Debug\hjctp_manifest.rc
D:\work\workspace\c_hjctp\hjctp\x64\Debug\link.10104.read.1.tlog
D:\work\workspace\c_hjctp\hjctp\x64\Debug\link.10104.write.1.tlog
D:\work\workspace\c_hjctp\hjctp\x64\Debug\link.10104-cvtres.read.1.tlog
D:\work\workspace\c_hjctp\hjctp\x64\Debug\link.10104-cvtres.write.1.tlog
D:\work\workspace\c_hjctp\hjctp\x64\Debug\link.10132.read.1.tlog
D:\work\workspace\c_hjctp\hjctp\x64\Debug\link.10132.write.1.tlog
D:\work\workspace\c_hjctp\hjctp\x64\Debug\link.10132-cvtres.read.1.tlog
D:\work\workspace\c_hjctp\hjctp\x64\Debug\link.10132-cvtres.write.1.tlog
D:\work\workspace\c_hjctp\hjctp\x64\Debug\link.10156.read.1.tlog
D:\work\workspace\c_hjctp\hjctp\x64\Debug\link.10156.write.1.tlog
D:\work\workspace\c_hjctp\hjctp\x64\Debug\link.10156-cvtres.read.1.tlog
D:\work\workspace\c_hjctp\hjctp\x64\Debug\link.10156-cvtres.write.1.tlog
D:\work\workspace\c_hjctp\hjctp\x64\Debug\link.10328.read.1.tlog
D:\work\workspace\c_hjctp\hjctp\x64\Debug\link.10328.write.1.tlog
D:\work\workspace\c_hjctp\hjctp\x64\Debug\link.10328-cvtres.read.1.tlog
D:\work\workspace\c_hjctp\hjctp\x64\Debug\link.10328-cvtres.write.1.tlog
D:\work\workspace\c_hjctp\hjctp\x64\Debug\link.10624.read.1.tlog
D:\work\workspace\c_hjctp\hjctp\x64\Debug\link.10624.write.1.tlog
D:\work\workspace\c_hjctp\hjctp\x64\Debug\link.10624-cvtres.read.1.tlog
D:\work\workspace\c_hjctp\hjctp\x64\Debug\link.10624-cvtres.write.1.tlog
D:\work\workspace\c_hjctp\hjctp\x64\Debug\link.11032.read.1.tlog
D:\work\workspace\c_hjctp\hjctp\x64\Debug\link.11032.write.1.tlog
D:\work\workspace\c_hjctp\hjctp\x64\Debug\link.11032-cvtres.read.1.tlog
D:\work\workspace\c_hjctp\hjctp\x64\Debug\link.11032-cvtres.write.1.tlog
D:\work\workspace\c_hjctp\hjctp\x64\Debug\link.11124.read.1.tlog
D:\work\workspace\c_hjctp\hjctp\x64\Debug\link.11124.write.1.tlog
D:\work\workspace\c_hjctp\hjctp\x64\Debug\link.11124-cvtres.read.1.tlog
D:\work\workspace\c_hjctp\hjctp\x64\Debug\link.11124-cvtres.write.1.tlog
D:\work\workspace\c_hjctp\hjctp\x64\Debug\link.11180.read.1.tlog
D:\work\workspace\c_hjctp\hjctp\x64\Debug\link.11180.write.1.tlog
D:\work\workspace\c_hjctp\hjctp\x64\Debug\link.11180-cvtres.read.1.tlog
D:\work\workspace\c_hjctp\hjctp\x64\Debug\link.11180-cvtres.write.1.tlog
D:\work\workspace\c_hjctp\hjctp\x64\Debug\link.1380.read.1.tlog
D:\work\workspace\c_hjctp\hjctp\x64\Debug\link.1380.write.1.tlog
D:\work\workspace\c_hjctp\hjctp\x64\Debug\link.1380-cvtres.read.1.tlog
D:\work\workspace\c_hjctp\hjctp\x64\Debug\link.1380-cvtres.write.1.tlog
D:\work\workspace\c_hjctp\hjctp\x64\Debug\link.1384.read.1.tlog
D:\work\workspace\c_hjctp\hjctp\x64\Debug\link.1384.write.1.tlog
D:\work\workspace\c_hjctp\hjctp\x64\Debug\link.1384-cvtres.read.1.tlog
D:\work\workspace\c_hjctp\hjctp\x64\Debug\link.1384-cvtres.write.1.tlog
D:\work\workspace\c_hjctp\hjctp\x64\Debug\link.5460.read.1.tlog
D:\work\workspace\c_hjctp\hjctp\x64\Debug\link.5460.write.1.tlog
D:\work\workspace\c_hjctp\hjctp\x64\Debug\link.5460-cvtres.read.1.tlog
D:\work\workspace\c_hjctp\hjctp\x64\Debug\link.5460-cvtres.write.1.tlog
D:\work\workspace\c_hjctp\hjctp\x64\Debug\link.6640.read.1.tlog
D:\work\workspace\c_hjctp\hjctp\x64\Debug\link.6640.write.1.tlog
D:\work\workspace\c_hjctp\hjctp\x64\Debug\link.6640-cvtres.read.1.tlog
D:\work\workspace\c_hjctp\hjctp\x64\Debug\link.6640-cvtres.write.1.tlog
D:\work\workspace\c_hjctp\hjctp\x64\Debug\link.7968.read.1.tlog
D:\work\workspace\c_hjctp\hjctp\x64\Debug\link.7968.write.1.tlog
D:\work\workspace\c_hjctp\hjctp\x64\Debug\link.7968-cvtres.read.1.tlog
D:\work\workspace\c_hjctp\hjctp\x64\Debug\link.7968-cvtres.write.1.tlog
D:\work\workspace\c_hjctp\hjctp\x64\Debug\link.8124.read.1.tlog
D:\work\workspace\c_hjctp\hjctp\x64\Debug\link.8124.write.1.tlog
D:\work\workspace\c_hjctp\hjctp\x64\Debug\link.8124-cvtres.read.1.tlog
D:\work\workspace\c_hjctp\hjctp\x64\Debug\link.8124-cvtres.write.1.tlog
D:\work\workspace\c_hjctp\hjctp\x64\Debug\link.840.read.1.tlog
D:\work\workspace\c_hjctp\hjctp\x64\Debug\link.840.write.1.tlog
D:\work\workspace\c_hjctp\hjctp\x64\Debug\link.840-cvtres.read.1.tlog
D:\work\workspace\c_hjctp\hjctp\x64\Debug\link.840-cvtres.write.1.tlog
D:\work\workspace\c_hjctp\hjctp\x64\Debug\link.8424.read.1.tlog
D:\work\workspace\c_hjctp\hjctp\x64\Debug\link.8424.write.1.tlog
D:\work\workspace\c_hjctp\hjctp\x64\Debug\link.8424-cvtres.read.1.tlog
D:\work\workspace\c_hjctp\hjctp\x64\Debug\link.8424-cvtres.write.1.tlog
D:\work\workspace\c_hjctp\hjctp\x64\Debug\link.8460.read.1.tlog
D:\work\workspace\c_hjctp\hjctp\x64\Debug\link.8460.write.1.tlog
D:\work\workspace\c_hjctp\hjctp\x64\Debug\link.8460-cvtres.read.1.tlog
D:\work\workspace\c_hjctp\hjctp\x64\Debug\link.8460-cvtres.write.1.tlog
D:\work\workspace\c_hjctp\hjctp\x64\Debug\link.8928.read.1.tlog
D:\work\workspace\c_hjctp\hjctp\x64\Debug\link.8928.write.1.tlog
D:\work\workspace\c_hjctp\hjctp\x64\Debug\link.8928-cvtres.read.1.tlog
D:\work\workspace\c_hjctp\hjctp\x64\Debug\link.8928-cvtres.write.1.tlog
D:\work\workspace\c_hjctp\hjctp\x64\Debug\link.9064.read.1.tlog
D:\work\workspace\c_hjctp\hjctp\x64\Debug\link.9064.write.1.tlog
D:\work\workspace\c_hjctp\hjctp\x64\Debug\link.9064-cvtres.read.1.tlog
D:\work\workspace\c_hjctp\hjctp\x64\Debug\link.9064-cvtres.write.1.tlog
D:\work\workspace\c_hjctp\hjctp\x64\Debug\link.9088.read.1.tlog
D:\work\workspace\c_hjctp\hjctp\x64\Debug\link.9088.write.1.tlog
D:\work\workspace\c_hjctp\hjctp\x64\Debug\link.9088-cvtres.read.1.tlog
D:\work\workspace\c_hjctp\hjctp\x64\Debug\link.9088-cvtres.write.1.tlog
D:\work\workspace\c_hjctp\hjctp\x64\Debug\link.9580.read.1.tlog
D:\work\workspace\c_hjctp\hjctp\x64\Debug\link.9580.write.1.tlog
D:\work\workspace\c_hjctp\hjctp\x64\Debug\link.9580-cvtres.read.1.tlog
D:\work\workspace\c_hjctp\hjctp\x64\Debug\link.9580-cvtres.write.1.tlog
D:\work\workspace\c_hjctp\hjctp\x64\Debug\link.9936.read.1.tlog
D:\work\workspace\c_hjctp\hjctp\x64\Debug\link.9936.write.1.tlog
D:\work\workspace\c_hjctp\hjctp\x64\Debug\link.9936-cvtres.read.1.tlog
D:\work\workspace\c_hjctp\hjctp\x64\Debug\link.9936-cvtres.write.1.tlog
D:\work\workspace\c_hjctp\hjctp\x64\Debug\link.9952.read.1.tlog
D:\work\workspace\c_hjctp\hjctp\x64\Debug\link.9952.write.1.tlog
D:\work\workspace\c_hjctp\hjctp\x64\Debug\link.9952-cvtres.read.1.tlog
D:\work\workspace\c_hjctp\hjctp\x64\Debug\link.9952-cvtres.write.1.tlog
D:\work\workspace\c_hjctp\hjctp\x64\Debug\link.command.1.tlog
D:\work\workspace\c_hjctp\hjctp\x64\Debug\link.read.1.tlog
D:\work\workspace\c_hjctp\hjctp\x64\Debug\link.write.1.tlog
D:\work\workspace\c_hjctp\hjctp\x64\Debug\link-cvtres.read.1.tlog
D:\work\workspace\c_hjctp\hjctp\x64\Debug\link-cvtres.write.1.tlog
D:\WORK\WORKSPACE\C_HJCTP\HJCTP\X64\DEBUG\MDSPI.OBJ
D:\work\workspace\c_hjctp\hjctp\x64\Debug\mt.command.1.tlog
D:\work\workspace\c_hjctp\hjctp\x64\Debug\mt.read.1.tlog
D:\work\workspace\c_hjctp\hjctp\x64\Debug\mt.write.1.tlog
D:\work\workspace\c_hjctp\hjctp\x64\Debug\rc.command.1.tlog
D:\work\workspace\c_hjctp\hjctp\x64\Debug\rc.read.1.tlog
D:\work\workspace\c_hjctp\hjctp\x64\Debug\rc.write.1.tlog
D:\WORK\WORKSPACE\C_HJCTP\HJCTP\X64\DEBUG\STDAFX.OBJ
D:\work\workspace\c_hjctp\hjctp\x64\Debug\vc100.idb
D:\WORK\WORKSPACE\C_HJCTP\HJCTP\X64\DEBUG\VC100.PDB
D:\WORK\WORKSPACE\C_HJCTP\X64\DEBUG\HJCTP.DLL
D:\work\workspace\c_hjctp\x64\Debug\hjctp.exp
D:\WORK\WORKSPACE\C_HJCTP\X64\DEBUG\HJCTP.ILK
D:\work\workspace\c_hjctp\x64\Debug\hjctp.lib
D:\WORK\WORKSPACE\C_HJCTP\X64\DEBUG\HJCTP.PDB
E:\WORK\SOFT\CTP\HJCTP\HJCTP\X64\DEBUG\DLLMAIN.OBJ
E:\WORK\SOFT\CTP\HJCTP\HJCTP\X64\DEBUG\HJCTP.DLL.EMBED.MANIFEST
E:\WORK\SOFT\CTP\HJCTP\HJCTP\X64\DEBUG\HJCTP.DLL.EMBED.MANIFEST.RES
E:\WORK\SOFT\CTP\HJCTP\HJCTP\X64\DEBUG\HJCTP.DLL.INTERMEDIATE.MANIFEST
E:\WORK\SOFT\CTP\HJCTP\HJCTP\X64\DEBUG\HJCTP.OBJ
E:\WORK\SOFT\CTP\HJCTP\HJCTP\X64\DEBUG\HJCTP.PCH
E:\WORK\SOFT\CTP\HJCTP\HJCTP\X64\DEBUG\MDSPI.OBJ
E:\WORK\SOFT\CTP\HJCTP\HJCTP\X64\DEBUG\STDAFX.OBJ
E:\WORK\SOFT\CTP\HJCTP\HJCTP\X64\DEBUG\VC100.PDB
E:\WORK\SOFT\CTP\HJCTP\X64\DEBUG\HJCTP.DLL
E:\work\soft\ctp\hjctp\x64\Debug\hjctp.exp
E:\WORK\SOFT\CTP\HJCTP\X64\DEBUG\HJCTP.ILK
E:\work\soft\ctp\hjctp\x64\Debug\hjctp.lib
E:\WORK\SOFT\CTP\HJCTP\X64\DEBUG\HJCTP.PDB
