Build started 2016/12/15 16:16:50.
     1>Project "E:\work\soft\ctp\hjctp\hjctp\hjctp.vcxproj" on node 2 (build target(s)).
     1>InitializeBuildStatus:
         Creating "x64\Debug\hjctp.unsuccessfulbuild" because "AlwaysCreate" was specified.
       ClCompile:
         All outputs are up-to-date.
         All outputs are up-to-date.
         All outputs are up-to-date.
       ManifestResourceCompile:
         All outputs are up-to-date.
       Link:
         C:\Program Files (x86)\Microsoft Visual Studio 10.0\VC\bin\x86_amd64\link.exe /ERRORREPORT:PROMPT /OUT:"E:\work\soft\ctp\hjctp\x64\Debug\hjctp.dll" /INCREMENTAL /NOLOGO thostmduserapi.lib thosttraderapi.lib kernel32.lib user32.lib gdi32.lib winspool.lib comdlg32.lib advapi32.lib shell32.lib ole32.lib oleaut32.lib uuid.lib odbc32.lib odbccp32.lib /MANIFEST /ManifestFile:"x64\Debug\hjctp.dll.intermediate.manifest" /MANIFESTUAC:"level='asInvoker' uiAccess='false'" /DEBUG /PDB:"E:\work\soft\ctp\hjctp\x64\Debug\hjctp.pdb" /SUBSYSTEM:WINDOWS /TLBID:1 /DYNAMICBASE /NXCOMPAT /IMPLIB:"E:\work\soft\ctp\hjctp\x64\Debug\hjctp.lib" /MACHINE:X64 /DLL x64\Debug\hjctp.dll.embed.manifest.res
         x64\Debug\dllmain.obj
         x64\Debug\hjctp.obj
         x64\Debug\mdSpi.obj
         x64\Debug\stdafx.obj
            Creating library E:\work\soft\ctp\hjctp\x64\Debug\hjctp.lib and object E:\work\soft\ctp\hjctp\x64\Debug\hjctp.exp
         hjctp.vcxproj -> E:\work\soft\ctp\hjctp\x64\Debug\hjctp.dll
       Manifest:
         C:\Program Files (x86)\Microsoft SDKs\Windows\v7.0A\bin\mt.exe /nologo /verbose /out:"x64\Debug\hjctp.dll.embed.manifest" /manifest x64\Debug\hjctp.dll.intermediate.manifest
         All outputs are up-to-date.
       LinkEmbedManifest:
         All outputs are up-to-date.
         hjctp.vcxproj -> E:\work\soft\ctp\hjctp\x64\Debug\hjctp.dll
       FinalizeBuildStatus:
         Deleting file "x64\Debug\hjctp.unsuccessfulbuild".
         Touching "x64\Debug\hjctp.lastbuildstate".
     1>Done Building Project "E:\work\soft\ctp\hjctp\hjctp\hjctp.vcxproj" (build target(s)).

Build succeeded.

Time Elapsed 00:00:00.84
